---
  0 debug pnpm:scope: 
    selected: 1
    workspacePrefix: null
  1 info pnpm: 
    message: "A store server is running. All store manipulations are delegated to it."
    prefix: "/app"
  2 debug pnpm:package-json: 
    initial: 
      //1: "describes your app and its dependencies"
      //2: "https://docs.npmjs.com/files/package.json"
      //3: "updating this file will download and update your packages"
      name: "hello-express"
      version: "0.0.1"
      description: "A simple Node app built on Express, instantly up and running."
      main: "bot.js"
      scripts: 
        start: "node bot.js"
      dependencies: 
        chalk: "^4.1.0"
        discord.js: "^12.5.1"
        express: "^4.17.1"
        fs: "^0.0.2"
        jimp: "^0.16.1"
        moment: "^2.29.1"
        quick.db: "^7.1.3"
        request: "^2.88.2"
      engines: 
        node: "12.x"
      repository: 
        url: "https://glitch.com/edit/#!/hello-express"
      license: "MIT"
      keywords: 
        - "node"
        - "glitch"
        - "express"
      gitHead: "9195cce73d8216515ed2a29bc0e1416c1e2907d2"
      readme: "ERROR: No README data found!"
      _id: "hello-express@0.0.1"
    prefix: "/app"
  3 warn pnpm: 
    message: "Moving chalk that was installed by a different package manager to \"node_modules/.ignored"
    prefix: "/app"
  4 error pnpm: 
    message: 
      errno: -39
      code: "ENOTEMPTY"
      syscall: "rename"
      path: "/rbd/pnpm-volume/c8fe8513-8b5e-4de3-a0a2-afd807334c2c/node_modules/chalk"
      dest: "/rbd/pnpm-volume/c8fe8513-8b5e-4de3-a0a2-afd807334c2c/node_modules/.ignored/chalk"
    err: 
      name: "Error"
      message: "ENOTEMPTY: directory not empty, rename '/rbd/pnpm-volume/c8fe8513-8b5e-4de3-a0a2-afd807334c2c/node_modules/chalk' -> '/rbd/pnpm-volume/c8fe8513-8b5e-4de3-a0a2-afd807334c2c/node_modules/.ignored/chalk'"
      code: "ENOTEMPTY"
      stack: "Error: ENOTEMPTY: directory not empty, rename '/rbd/pnpm-volume/c8fe8513-8b5e-4de3-a0a2-afd807334c2c/node_modules/chalk' -> '/rbd/pnpm-volume/c8fe8513-8b5e-4de3-a0a2-afd807334c2c/node_modules/.ignored/chalk'"
